<?xml version="1.0" encoding="UTF-8" ?>
<testsuite errors="0" failures="0" hostname="shrubbery" name="org.k1s.orn.templates.LogoGenerationTest" tests="3" time="1.609" timestamp="2012-04-21T17:06:51">
  <properties>
[...]
</properties>
  <testcase classname="org.k1s.orn.templates.LogoGenerationTest" name="testFindExternal" time="0.834" />
  <testcase classname="org.k1s.orn.templates.LogoGenerationTest" name="testGenerateLogoNet" time="0.419" />
  <testcase classname="org.k1s.orn.templates.LogoGenerationTest" name="testGenerateLogoNetWithRepeat" time="0.1" />
  <system-out><![CDATA[PRAGDEF: External()
PRAGDEF: pd()
PRAGDEF: fd(10)
External()
PRAGDEF: External()
PRAGDEF: pd()
PRAGDEF: fd(10)
PRAGDEF: External()
PRAGDEF: repeat(2)
PRAGDEF: pd()
PRAGDEF: fd(10)
searching for orn.impl.PlaceImpl@66da9ea4 (id: null)
searching for orn.impl.PlaceImpl@66da9ea4 (id: null) in Testpage
checking orn.impl.TransitionImpl@38a1aa85 (id: null)
checking orn.impl.PageImpl@7dc21ece (id: null)
checking orn.impl.PlaceImpl@66da9ea4 (id: null)
returning  page2
checking orn.impl.TransitionImpl@5374a6e2 (id: null)
checking org.pnml.tools.epnk.pnmlcoremodel.impl.ArcImpl@f786a3c (id: null)
checking org.pnml.tools.epnk.pnmlcoremodel.impl.ArcImpl@2a869113 (id: null)
retval: page2
got page2 from orn.impl.PageImpl@7dc21ece (id: null)
retval: page2
found page2
found page page2
]]></system-out>
  <system-err><![CDATA[]]></system-err>
</testsuite>
