Testsuite: org.k1s.orn.owl.ManchesterSyntaxBuilderTests
Tests run: 5, Failures: 1, Errors: 0, Time elapsed: 1.939 sec
------------- Standard Output ---------------
org.pnml.tools.epnk.pnmlcoremodel.impl.TransitionImpl@41021f34 (id: null)
org.pnml.tools.epnk.pnmlcoremodel.impl.PlaceImpl@345c98f3 (id: null)
org.pnml.tools.epnk.pnmlcoremodel.impl.ArcImpl@2b3d9460 (id: null)
Prefix: : <http://org.k1s/orn/customontology>
Prefix: xsd: <http://www.w3.org/2001/XMLSchema#>
Prefix: owl: <http://www.w3.org/2002/07/owl#>
Prefix: basic: <http://k1s.org/OntologyReastrictedNets/basic>
Prefix: cpn: <http://hib.no/SADLTest/cpn>

Ontology: <http://org.k1s/orn/customontology>

Import: <http://k1s.org/OntologyReastrictedNets/basic.owl>

Import: <http://hib.no/SADLTest/cpn.owl>


	

Individual: Testpage
	Types: Page
	Facts: isTop "true"^^xsd:boolean

Individual: trans1
	Types: Transition

Individual: place1
	Types: Place

Individual: arc1
	Types: Arc
	Fact: Arc
	Types: Arc

org.pnml.tools.epnk.pnmlcoremodel.impl.TransitionImpl@6328edf2 (id: null)
org.pnml.tools.epnk.pnmlcoremodel.impl.PlaceImpl@141dddba (id: null)
org.pnml.tools.epnk.pnmlcoremodel.impl.ArcImpl@34c7e8a7 (id: null)
------------- ---------------- ---------------
------------- Standard Error -----------------
org.semanticweb.owlapi.model.UnloadableImportException: Could not loaded imported ontology: <http://hib.no/SADLTest/cpn.owl> Cause: http://www.hib.no/SADLTest/cpn.owl
	at uk.ac.manchester.cs.owl.owlapi.OWLOntologyManagerImpl.makeLoadImportRequest(OWLOntologyManagerImpl.java:1003)
	at org.coode.owlapi.manchesterowlsyntax.ManchesterOWLSyntaxEditorParser.parseOntology(ManchesterOWLSyntaxEditorParser.java:3092)
	at org.coode.owlapi.manchesterowlsyntax.ManchesterOWLSyntaxOntologyParser.parse(ManchesterOWLSyntaxOntologyParser.java:99)
	at uk.ac.manchester.cs.owl.owlapi.ParsableOWLOntologyFactory.loadOWLOntology(ParsableOWLOntologyFactory.java:165)
	at uk.ac.manchester.cs.owl.owlapi.OWLOntologyManagerImpl.loadOntology(OWLOntologyManagerImpl.java:619)
	at uk.ac.manchester.cs.owl.owlapi.OWLOntologyManagerImpl.loadOntologyFromOntologyDocument(OWLOntologyManagerImpl.java:585)
	at org.k1s.orn.ORNVerifier.isValid(ORNVerifier.java:129)
	at org.k1s.orn.ORNVerifier$isValid.call(Unknown Source)
	at org.codehaus.groovy.runtime.callsite.CallSiteArray.defaultCall(CallSiteArray.java:40)
	at org.codehaus.groovy.runtime.callsite.AbstractCallSite.call(AbstractCallSite.java:117)
	at org.codehaus.groovy.runtime.callsite.AbstractCallSite.call(AbstractCallSite.java:125)
	at org.k1s.orn.owl.ManchesterSyntaxBuilderTests.testBuildSmallPetriNetAndParse(ManchesterSyntaxBuilderTests.groovy:117)
	at sun.reflect.NativeMethodAccessorImpl.invoke0(Native Method)
	at sun.reflect.NativeMethodAccessorImpl.invoke(NativeMethodAccessorImpl.java:39)
	at sun.reflect.DelegatingMethodAccessorImpl.invoke(DelegatingMethodAccessorImpl.java:25)
	at java.lang.reflect.Method.invoke(Method.java:597)
	at org.junit.runners.model.FrameworkMethod$1.runReflectiveCall(FrameworkMethod.java:44)
	at org.junit.internal.runners.model.ReflectiveCallable.run(ReflectiveCallable.java:15)
	at org.junit.runners.model.FrameworkMethod.invokeExplosively(FrameworkMethod.java:41)
	at org.junit.internal.runners.statements.InvokeMethod.evaluate(InvokeMethod.java:20)
	at org.junit.runners.BlockJUnit4ClassRunner.runChild(BlockJUnit4ClassRunner.java:76)
	at org.junit.runners.BlockJUnit4ClassRunner.runChild(BlockJUnit4ClassRunner.java:50)
	at org.junit.runners.ParentRunner$3.run(ParentRunner.java:193)
	at org.junit.runners.ParentRunner$1.schedule(ParentRunner.java:52)
	at org.junit.runners.ParentRunner.runChildren(ParentRunner.java:191)
	at org.junit.runners.ParentRunner.access$000(ParentRunner.java:42)
	at org.junit.runners.ParentRunner$2.evaluate(ParentRunner.java:184)
	at org.junit.runners.ParentRunner.run(ParentRunner.java:236)
	at junit.framework.JUnit4TestAdapter.run(JUnit4TestAdapter.java:39)
	at org.apache.tools.ant.taskdefs.optional.junit.JUnitTestRunner.run(JUnitTestRunner.java:420)
	at org.apache.tools.ant.taskdefs.optional.junit.JUnitTestRunner.launch(JUnitTestRunner.java:911)
	at org.apache.tools.ant.taskdefs.optional.junit.JUnitTestRunner.main(JUnitTestRunner.java:768)
Caused by: org.semanticweb.owlapi.io.OWLOntologyCreationIOException: http://www.hib.no/SADLTest/cpn.owl
	at uk.ac.manchester.cs.owl.owlapi.ParsableOWLOntologyFactory.loadOWLOntology(ParsableOWLOntologyFactory.java:173)
	at uk.ac.manchester.cs.owl.owlapi.OWLOntologyManagerImpl.loadOntology(OWLOntologyManagerImpl.java:619)
	at uk.ac.manchester.cs.owl.owlapi.OWLOntologyManagerImpl.loadOntology(OWLOntologyManagerImpl.java:564)
	at uk.ac.manchester.cs.owl.owlapi.OWLOntologyManagerImpl.loadImports(OWLOntologyManagerImpl.java:975)
	at uk.ac.manchester.cs.owl.owlapi.OWLOntologyManagerImpl.makeLoadImportRequest(OWLOntologyManagerImpl.java:996)
	... 31 more
Caused by: java.io.FileNotFoundException: http://www.hib.no/SADLTest/cpn.owl
	at sun.reflect.NativeConstructorAccessorImpl.newInstance0(Native Method)
	at sun.reflect.NativeConstructorAccessorImpl.newInstance(NativeConstructorAccessorImpl.java:39)
	at sun.reflect.DelegatingConstructorAccessorImpl.newInstance(DelegatingConstructorAccessorImpl.java:27)
	at java.lang.reflect.Constructor.newInstance(Constructor.java:513)
	at sun.net.www.protocol.http.HttpURLConnection$6.run(HttpURLConnection.java:1368)
	at java.security.AccessController.doPrivileged(Native Method)
	at sun.net.www.protocol.http.HttpURLConnection.getChainedException(HttpURLConnection.java:1362)
	at sun.net.www.protocol.http.HttpURLConnection.getInputStream(HttpURLConnection.java:1016)
	at org.semanticweb.owlapi.io.AbstractOWLParser.getInputStream(AbstractOWLParser.java:100)
	at org.semanticweb.owlapi.io.AbstractOWLParser.getInputSource(AbstractOWLParser.java:119)
	at org.coode.owlapi.rdfxml.parser.RDFXMLParser.parse(RDFXMLParser.java:89)
	at uk.ac.manchester.cs.owl.owlapi.ParsableOWLOntologyFactory.loadOWLOntology(ParsableOWLOntologyFactory.java:165)
	... 35 more
Caused by: java.io.FileNotFoundException: http://www.hib.no/SADLTest/cpn.owl
	at sun.net.www.protocol.http.HttpURLConnection.getInputStream(HttpURLConnection.java:1311)
	at sun.net.www.protocol.http.HttpURLConnection.getHeaderField(HttpURLConnection.java:2173)
	at java.net.URLConnection.getContentEncoding(URLConnection.java:496)
	at org.semanticweb.owlapi.io.AbstractOWLParser.getInputStream(AbstractOWLParser.java:93)
	... 38 more
------------- ---------------- ---------------

Testcase: testBuildPlace took 0.791 sec
Testcase: testBuildTransition took 0.01 sec
Testcase: testBuildEmptyPage took 0.085 sec
Testcase: testBuildSmallPetriNet took 0.06 sec
	FAILED

junit.framework.AssertionFailedError: 
	at org.codehaus.groovy.runtime.callsite.CallSiteArray.defaultCallStatic(CallSiteArray.java:48)
	at org.codehaus.groovy.runtime.callsite.AbstractCallSite.callStatic(AbstractCallSite.java:167)
	at org.codehaus.groovy.runtime.callsite.AbstractCallSite.callStatic(AbstractCallSite.java:175)
	at org.k1s.orn.owl.ManchesterSyntaxBuilderTests.testBuildSmallPetriNet(ManchesterSyntaxBuilderTests.groovy:108)

Testcase: testBuildSmallPetriNetAndParse took 0.696 sec
