<?xml version="1.0" encoding="UTF-8" ?>
<testsuites>
  <testsuite errors="0" failures="0" hostname="shrubbery" id="0" name="ORNImporterTests" package="org.k1s.orn" tests="1" time="2.562" timestamp="2012-04-21T17:30:50">
      <properties>
[...]
</properties>

      <testcase classname="org.k1s.orn.ORNImporterTests" name="testWS" time="2.252" />

      <system-out><![CDATA[adding place
PRAGDEF: channel()
adding place
PRAGDEF: channel()
adding place
adding place
adding place
adding place
adding place
adding place
adding place
adding place
adding place
adding place
adding place
adding place
adding place
adding place
adding place
adding place
adding place
adding place
adding place
adding place
adding place
adding place
[orn.impl.PageImpl@d2f41a5 (id: cb4ec598-9d25-4384-8dc0-cb59985083b0)]
[orn.impl.PlaceImpl@2392d604 (id: f64fd860-fe4d-4318-8d9b-36c03da50f37), orn.impl.PlaceImpl@7d20b2da (id: 47841771-c4c7-4407-8908-bbae0a7ff019), orn.impl.PageImpl@6dbe4663 (id: ff933314-5d07-4146-b8db-b5576b3848fa), orn.impl.PageImpl@66ff45de (id: 5ffbe8bc-898a-4200-8085-2a8100f94ac9)]
]]></system-out>

      <system-err />

  </testsuite>
  <testsuite errors="0" failures="0" hostname="shrubbery" id="1" name="ExternalIdFromNetTests" package="org.k1s.orn.owl" tests="2" time="3.12" timestamp="2012-04-21T17:30:53">
      <properties>
[...]
</properties>

      <testcase classname="org.k1s.orn.owl.ExternalIdFromNetTests" name="testValidNetIsValid" time="2.318" />

      <testcase classname="org.k1s.orn.owl.ExternalIdFromNetTests" name="testInValidNetIsValid" time="0.532" />

      <system-out><![CDATA[PRAGDEF: channel(null)
PRAGDEF: channel(null)
PRAGDEF: Id(null)
PRAGDEF: External(null)
orn.impl.PageImpl@75568654 (id: null)
orn.impl.PlaceImpl@b05eb6f (id: null)
orn.impl.TransitionImpl@d34eb84 (id: null)
org.pnml.tools.epnk.pnmlcoremodel.impl.ArcImpl@158105e8 (id: null)
orn.impl.PageImpl@33f98d58 (id: null)
orn.impl.PlaceImpl@44aea710 (id: null)
orn.impl.PlaceImpl@6aadae91 (id: null)

	Prefix(:=<http://org.k1s/orn/ext/>)
 Prefix(basic:=<http://t.k1s.org/OntologyReastrictedNets/basic/>)
 Prefix(xsd:=<http://www.w3.org/2001/XMLSchema#>)
 Prefix(owl:=<http://www.w3.org/2002/07/owl#>)
 Prefix(cpn:=<http://hib.no/SADLTest/cpn>)
 
 Ontology(<http://org.k1s/orn/ext/>
  Import( <http://t.k1s.org/OntologyReastrictedNets/basic.owl> )
  Import( <http://t.k1s.org/OntologyReastrictedNets/cpn.owl> )
   
  
  SubClassOf( :Id basic:Pragmatic )
  SubClassOf( :Id ObjectAllValuesFrom( :belongsTo cpn:Place ) ) 

  SubClassOf( :External basic:Pragmatic )
  SubClassOf( :External ObjectAllValuesFrom( :belongsTo :TransitionConnectedToId ) ) 


  SubClassOf( :IdPlace ObjectAllValuesFrom( :hasPragmatic :id))
  
    SubClassOf( :IdPlace ObjectIntersectionOf(
      cpn:Place
  	  ObjectAllValuesFrom( :hasPragmatic :Id) 
  	  ObjectExactCardinality( 1 :hasPragmatic )
    )
  )


SubClassOf( :ArcFromId ObjectIntersectionOf(
  		cpn:Arc
  		ObjectAllValuesFrom( cpn:source :IdPlace) 
  		ObjectExactCardinality( 1 cpn:source :IdPlace)
  	)
  )
 
 SubClassOf( :TransitionConnectedToId ObjectIntersectionOf(
  		cpn:Transition
  		ObjectAllValuesFrom( :in :ArcFromId) 
		
  		)
  	)
  	

Declaration( NamedIndividual( :toppage_Page ) )
ClassAssertion( cpn:Page :toppage_Page )


Declaration( NamedIndividual( :Client_Page ) )
ClassAssertion( cpn:Page :Client_Page )


Declaration( NamedIndividual( :start_Place))
ClassAssertion( cpn:Place :start_Place) 


Declaration( NamedIndividual( :Id_597457953))
ClassAssertion( :Id :Id_597457953  ) 
ObjectPropertyAssertion( :belongsTo :Id_597457953 :start_Place )
ObjectPropertyAssertion( :hasPragmatic :start_Place :Id_597457953)

Declaration( NamedIndividual( :extern_Transisiton))
ClassAssertion( cpn:Transition :extern_Transisiton) 


Declaration( NamedIndividual( :External_830274872))
ClassAssertion( :External :External_830274872  ) 
ObjectPropertyAssertion( :belongsTo :External_830274872 :extern_Transisiton )
ObjectPropertyAssertion( :hasPragmatic :extern_Transisiton :External_830274872)

Declaration( NamedIndividual( :arc))
ClassAssertion( cpn:Arc :arc) 
ObjectPropertyAssertion( cpn:source :arc :start_Place )
ObjectPropertyAssertion( cpn:target :arc :extern_Transisiton )
ObjectPropertyAssertion( :out  :start_Place :arc )
ObjectPropertyAssertion( :in  :extern_Transisiton :arc)


Declaration( NamedIndividual( :Server_Page ) )
ClassAssertion( cpn:Page :Server_Page )


Declaration( NamedIndividual( :ClientToServer_Place))
ClassAssertion( cpn:Place :ClientToServer_Place) 


Declaration( NamedIndividual( :channel_643444394))
ClassAssertion( :channel :channel_643444394  ) 
ObjectPropertyAssertion( :belongsTo :channel_643444394 :ClientToServer_Place )
ObjectPropertyAssertion( :hasPragmatic :ClientToServer_Place :channel_643444394)

Declaration( NamedIndividual( :ServerToClient_Place))
ClassAssertion( cpn:Place :ServerToClient_Place) 


Declaration( NamedIndividual( :channel_2056454348))
ClassAssertion( :channel :channel_2056454348  ) 
ObjectPropertyAssertion( :belongsTo :channel_2056454348 :ServerToClient_Place )
ObjectPropertyAssertion( :hasPragmatic :ServerToClient_Place :channel_2056454348)

)
inititating: 468
closing: 374
checking: 314
PRAGDEF: channel(null)
PRAGDEF: channel(null)
PRAGDEF: External(null)
orn.impl.PageImpl@55eb1db2 (id: null)
orn.impl.PlaceImpl@3eeabd2f (id: null)
orn.impl.TransitionImpl@252a78ee (id: null)
org.pnml.tools.epnk.pnmlcoremodel.impl.ArcImpl@1839474b (id: null)
orn.impl.PageImpl@5d4fa79d (id: null)
orn.impl.PlaceImpl@18856447 (id: null)
orn.impl.PlaceImpl@23087d61 (id: null)

	Prefix(:=<http://org.k1s/orn/ext/>)
 Prefix(basic:=<http://t.k1s.org/OntologyReastrictedNets/basic/>)
 Prefix(xsd:=<http://www.w3.org/2001/XMLSchema#>)
 Prefix(owl:=<http://www.w3.org/2002/07/owl#>)
 Prefix(cpn:=<http://hib.no/SADLTest/cpn>)
 
 Ontology(<http://org.k1s/orn/ext/>
  Import( <http://t.k1s.org/OntologyReastrictedNets/basic.owl> )
  Import( <http://t.k1s.org/OntologyReastrictedNets/cpn.owl> )
   
  
  SubClassOf( :Id basic:Pragmatic )
  SubClassOf( :Id ObjectAllValuesFrom( :belongsTo cpn:Place ) ) 

  SubClassOf( :External basic:Pragmatic )
  SubClassOf( :External ObjectAllValuesFrom( :belongsTo :TransitionConnectedToId ) ) 


  SubClassOf( :IdPlace ObjectAllValuesFrom( :hasPragmatic :id))
  
    SubClassOf( :IdPlace ObjectIntersectionOf(
      cpn:Place
  	  ObjectAllValuesFrom( :hasPragmatic :Id) 
  	  ObjectExactCardinality( 1 :hasPragmatic )
    )
  )


SubClassOf( :ArcFromId ObjectIntersectionOf(
  		cpn:Arc
  		ObjectAllValuesFrom( cpn:source :IdPlace) 
  		ObjectExactCardinality( 1 cpn:source :IdPlace)
  	)
  )
 
 SubClassOf( :TransitionConnectedToId ObjectIntersectionOf(
  		cpn:Transition
  		ObjectAllValuesFrom( :in :ArcFromId) 
		
  		)
  	)
  	

Declaration( NamedIndividual( :toppage_Page ) )
ClassAssertion( cpn:Page :toppage_Page )


Declaration( NamedIndividual( :Client_Page ) )
ClassAssertion( cpn:Page :Client_Page )


Declaration( NamedIndividual( :start_Place))
ClassAssertion( cpn:Place :start_Place) 


Declaration( NamedIndividual( :extern_Transisiton))
ClassAssertion( cpn:Transition :extern_Transisiton) 


Declaration( NamedIndividual( :External_124347474))
ClassAssertion( :External :External_124347474  ) 
ObjectPropertyAssertion( :belongsTo :External_124347474 :extern_Transisiton )
ObjectPropertyAssertion( :hasPragmatic :extern_Transisiton :External_124347474)

Declaration( NamedIndividual( :arc))
ClassAssertion( cpn:Arc :arc) 
ObjectPropertyAssertion( cpn:source :arc :start_Place )
ObjectPropertyAssertion( cpn:target :arc :extern_Transisiton )
ObjectPropertyAssertion( :out  :start_Place :arc )
ObjectPropertyAssertion( :in  :extern_Transisiton :arc)


Declaration( NamedIndividual( :Server_Page ) )
ClassAssertion( cpn:Page :Server_Page )


Declaration( NamedIndividual( :ClientToServer_Place))
ClassAssertion( cpn:Place :ClientToServer_Place) 


Declaration( NamedIndividual( :channel_1568308708))
ClassAssertion( :channel :channel_1568308708  ) 
ObjectPropertyAssertion( :belongsTo :channel_1568308708 :ClientToServer_Place )
ObjectPropertyAssertion( :hasPragmatic :ClientToServer_Place :channel_1568308708)

Declaration( NamedIndividual( :ServerToClient_Place))
ClassAssertion( cpn:Place :ServerToClient_Place) 


Declaration( NamedIndividual( :channel_20911796))
ClassAssertion( :channel :channel_20911796  ) 
ObjectPropertyAssertion( :belongsTo :channel_20911796 :ServerToClient_Place )
ObjectPropertyAssertion( :hasPragmatic :ServerToClient_Place :channel_20911796)

)
inititating: 28
closing: 67
checking: 66
INCONSISTENT
reason: Cannot do reasoning with inconsistent ontologies!
Reason for inconsistency: No specific explanation was generated. Generic explanation: An individual belongs to a type and its complement
]]></system-out>

      <system-err />

  </testsuite>
  <testsuite errors="0" failures="0" hostname="shrubbery" id="2" name="ExternalIdTests" package="org.k1s.orn.owl" tests="3" time="2.457" timestamp="2012-04-21T17:30:57">
      <properties>
[...]
</properties>

      <testcase classname="org.k1s.orn.owl.ExternalIdTests" name="testValid" time="1.619" />

      <testcase classname="org.k1s.orn.owl.ExternalIdTests" name="testValidFromNet" time="0.197" />

      <testcase classname="org.k1s.orn.owl.ExternalIdTests" name="testInvalid" time="0.357" />

      <system-out><![CDATA[inititating: 527
closing: 266
checking: 295
inititating: 20
closing: 32
checking: 28
inititating: 26
closing: 45
checking: 29
inititating: 31
closing: 43
checking: 23
inititating: 30
closing: 11
checking: 18
INCONSISTENT
reason: Cannot do reasoning with inconsistent ontologies!
Reason for inconsistency: No specific explanation was generated. Generic explanation: An individual belongs to a type and its complement
]]></system-out>

      <system-err />

  </testsuite>
  <testsuite errors="0" failures="1" hostname="shrubbery" id="3" name="ManchesterImportTests" package="org.k1s.orn.owl" tests="2" time="1.895" timestamp="2012-04-21T17:31:01">
      <properties>
[...]
</properties>

      <testcase classname="org.k1s.orn.owl.ManchesterImportTests" name="testRemoteIsParseable" time="1.339" />

      <testcase classname="org.k1s.orn.owl.ManchesterImportTests" name="testImports" time="0.268">
          <failure type="junit.framework.AssertionFailedError">junit.framework.AssertionFailedError: 
	at org.codehaus.groovy.runtime.callsite.CallSiteArray.defaultCallStatic(CallSiteArray.java:48)
	at org.codehaus.groovy.runtime.callsite.AbstractCallSite.callStatic(AbstractCallSite.java:167)
	at org.codehaus.groovy.runtime.callsite.AbstractCallSite.callStatic(AbstractCallSite.java:171)
	at org.k1s.orn.owl.ManchesterImportTests.testImports(ManchesterImportTests.groovy:60)
</failure>

      </testcase>

      <system-out />

      <system-err><![CDATA[org.semanticweb.owlapi.io.UnparsableOntologyException: Problem parsing string:ontology1
Could not parse ontology.  Either a suitable parser could not be found, or parsing failed.  See parser logs below for explanation.
The following parsers were tried:
1) RDFXMLParser
2) OWLXMLParser
3) OWLFunctionalSyntaxOWLParser
4) TurtleOntologyParser
5) OWLOBOParser
6) KRSS2OWLParser
7) ManchesterOWLSyntaxOntologyParser


Detailed logs:
--------------------------------------------------------------------------------
Parser: RDFXMLParser
org.xml.sax.SAXParseException: Content is not allowed in prolog.

--------------------------------------------------------------------------------
Parser: OWLXMLParser
org.xml.sax.SAXParseException: Content is not allowed in prolog.

--------------------------------------------------------------------------------
Parser: OWLFunctionalSyntaxOWLParser
Encountered " <PNAME_NS> "Prefix: "" at line 2, column 9.
Was expecting:
    "Ontology" ...
     (Line 0)

--------------------------------------------------------------------------------
Parser: TurtleOntologyParser
uk.ac.manchester.cs.owl.owlapi.turtle.parser.ParseException: Encountered "" at line 2, column 9.
Was expecting one of:
    

--------------------------------------------------------------------------------
Parser: OWLOBOParser
org.coode.owlapi.obo.parser.ParseException: Encountered "<EOF>" at line 15, column 8.
Was expecting one of:
    "[" ...
    <CHAR> ...
    <STRING> ...
     (Line 13)

--------------------------------------------------------------------------------
Parser: KRSS2OWLParser
de.uulm.ecs.ai.owlapi.krssparser.ParseException: Encountered "Prefix:" at line 2, column 9.
Was expecting:
    <EOF> 
    

--------------------------------------------------------------------------------
Parser: ManchesterOWLSyntaxOntologyParser
Encountered su:Thesuperclass at line 13 column 14. Expected one of:
	Class name
	Object property name
	Data property name
	not
	inverse
	(
	{
 (Line 13)


	at uk.ac.manchester.cs.owl.owlapi.ParsableOWLOntologyFactory.loadOWLOntology(ParsableOWLOntologyFactory.java:197)
	at uk.ac.manchester.cs.owl.owlapi.OWLOntologyManagerImpl.loadOntology(OWLOntologyManagerImpl.java:619)
	at uk.ac.manchester.cs.owl.owlapi.OWLOntologyManagerImpl.loadOntologyFromOntologyDocument(OWLOntologyManagerImpl.java:585)
	at sun.reflect.NativeMethodAccessorImpl.invoke0(Native Method)
	at sun.reflect.NativeMethodAccessorImpl.invoke(NativeMethodAccessorImpl.java:39)
	at sun.reflect.DelegatingMethodAccessorImpl.invoke(DelegatingMethodAccessorImpl.java:25)
	at java.lang.reflect.Method.invoke(Method.java:597)
	at org.codehaus.groovy.runtime.callsite.PojoMetaMethodSite$PojoCachedMethodSiteNoUnwrapNoCoerce.invoke(PojoMetaMethodSite.java:229)
	at org.codehaus.groovy.runtime.callsite.PojoMetaMethodSite.call(PojoMetaMethodSite.java:52)
	at org.codehaus.groovy.runtime.callsite.CallSiteArray.defaultCall(CallSiteArray.java:40)
	at org.codehaus.groovy.runtime.callsite.AbstractCallSite.call(AbstractCallSite.java:117)
	at org.codehaus.groovy.runtime.callsite.AbstractCallSite.call(AbstractCallSite.java:125)
	at org.k1s.orn.owl.ManchesterImportTests.testImports(ManchesterImportTests.groovy:57)
	at sun.reflect.NativeMethodAccessorImpl.invoke0(Native Method)
	at sun.reflect.NativeMethodAccessorImpl.invoke(NativeMethodAccessorImpl.java:39)
	at sun.reflect.DelegatingMethodAccessorImpl.invoke(DelegatingMethodAccessorImpl.java:25)
	at java.lang.reflect.Method.invoke(Method.java:597)
	at org.junit.runners.model.FrameworkMethod$1.runReflectiveCall(FrameworkMethod.java:44)
	at org.junit.internal.runners.model.ReflectiveCallable.run(ReflectiveCallable.java:15)
	at org.junit.runners.model.FrameworkMethod.invokeExplosively(FrameworkMethod.java:41)
	at org.junit.internal.runners.statements.InvokeMethod.evaluate(InvokeMethod.java:20)
	at org.junit.runners.BlockJUnit4ClassRunner.runChild(BlockJUnit4ClassRunner.java:76)
	at org.junit.runners.BlockJUnit4ClassRunner.runChild(BlockJUnit4ClassRunner.java:50)
	at org.junit.runners.ParentRunner$3.run(ParentRunner.java:193)
	at org.junit.runners.ParentRunner$1.schedule(ParentRunner.java:52)
	at org.junit.runners.ParentRunner.runChildren(ParentRunner.java:191)
	at org.junit.runners.ParentRunner.access$000(ParentRunner.java:42)
	at org.junit.runners.ParentRunner$2.evaluate(ParentRunner.java:184)
	at org.junit.runners.ParentRunner.run(ParentRunner.java:236)
	at junit.framework.JUnit4TestAdapter.run(JUnit4TestAdapter.java:39)
	at org.apache.tools.ant.taskdefs.optional.junit.JUnitTestRunner.run(JUnitTestRunner.java:420)
	at org.apache.tools.ant.taskdefs.optional.junit.JUnitTestRunner.launch(JUnitTestRunner.java:911)
	at org.apache.tools.ant.taskdefs.optional.junit.JUnitTestRunner.main(JUnitTestRunner.java:768)
]]></system-err>

  </testsuite>
  <testsuite errors="0" failures="1" hostname="shrubbery" id="4" name="ManchesterSyntaxBuilderTests" package="org.k1s.orn.owl" tests="5" time="1.939" timestamp="2012-04-21T17:31:04">
      <properties>
[...]
</properties>

      <testcase classname="org.k1s.orn.owl.ManchesterSyntaxBuilderTests" name="testBuildPlace" time="0.792" />

      <testcase classname="org.k1s.orn.owl.ManchesterSyntaxBuilderTests" name="testBuildTransition" time="0.011" />

      <testcase classname="org.k1s.orn.owl.ManchesterSyntaxBuilderTests" name="testBuildEmptyPage" time="0.085" />

      <testcase classname="org.k1s.orn.owl.ManchesterSyntaxBuilderTests" name="testBuildSmallPetriNet" time="0.064">
          <failure type="junit.framework.AssertionFailedError">junit.framework.AssertionFailedError: 
	at org.codehaus.groovy.runtime.callsite.CallSiteArray.defaultCallStatic(CallSiteArray.java:48)
	at org.codehaus.groovy.runtime.callsite.AbstractCallSite.callStatic(AbstractCallSite.java:167)
	at org.codehaus.groovy.runtime.callsite.AbstractCallSite.callStatic(AbstractCallSite.java:175)
	at org.k1s.orn.owl.ManchesterSyntaxBuilderTests.testBuildSmallPetriNet(ManchesterSyntaxBuilderTests.groovy:108)
</failure>

      </testcase>

      <testcase classname="org.k1s.orn.owl.ManchesterSyntaxBuilderTests" name="testBuildSmallPetriNetAndParse" time="0.696" />

      <system-out><![CDATA[org.pnml.tools.epnk.pnmlcoremodel.impl.TransitionImpl@41021f34 (id: null)
org.pnml.tools.epnk.pnmlcoremodel.impl.PlaceImpl@345c98f3 (id: null)
org.pnml.tools.epnk.pnmlcoremodel.impl.ArcImpl@2b3d9460 (id: null)
Prefix: : <http://org.k1s/orn/customontology>
Prefix: xsd: <http://www.w3.org/2001/XMLSchema#>
Prefix: owl: <http://www.w3.org/2002/07/owl#>
Prefix: basic: <http://k1s.org/OntologyReastrictedNets/basic>
Prefix: cpn: <http://hib.no/SADLTest/cpn>

Ontology: <http://org.k1s/orn/customontology>

Import: <http://k1s.org/OntologyReastrictedNets/basic.owl>

Import: <http://hib.no/SADLTest/cpn.owl>


	

Individual: Testpage
	Types: Page
	Facts: isTop "true"^^xsd:boolean

Individual: trans1
	Types: Transition

Individual: place1
	Types: Place

Individual: arc1
	Types: Arc
	Fact: Arc
	Types: Arc

org.pnml.tools.epnk.pnmlcoremodel.impl.TransitionImpl@6328edf2 (id: null)
org.pnml.tools.epnk.pnmlcoremodel.impl.PlaceImpl@141dddba (id: null)
org.pnml.tools.epnk.pnmlcoremodel.impl.ArcImpl@34c7e8a7 (id: null)
]]></system-out>

      <system-err><![CDATA[org.semanticweb.owlapi.model.UnloadableImportException: Could not loaded imported ontology: <http://hib.no/SADLTest/cpn.owl> Cause: http://www.hib.no/SADLTest/cpn.owl
	at uk.ac.manchester.cs.owl.owlapi.OWLOntologyManagerImpl.makeLoadImportRequest(OWLOntologyManagerImpl.java:1003)
	at org.coode.owlapi.manchesterowlsyntax.ManchesterOWLSyntaxEditorParser.parseOntology(ManchesterOWLSyntaxEditorParser.java:3092)
	at org.coode.owlapi.manchesterowlsyntax.ManchesterOWLSyntaxOntologyParser.parse(ManchesterOWLSyntaxOntologyParser.java:99)
	at uk.ac.manchester.cs.owl.owlapi.ParsableOWLOntologyFactory.loadOWLOntology(ParsableOWLOntologyFactory.java:165)
	at uk.ac.manchester.cs.owl.owlapi.OWLOntologyManagerImpl.loadOntology(OWLOntologyManagerImpl.java:619)
	at uk.ac.manchester.cs.owl.owlapi.OWLOntologyManagerImpl.loadOntologyFromOntologyDocument(OWLOntologyManagerImpl.java:585)
	at org.k1s.orn.ORNVerifier.isValid(ORNVerifier.java:129)
	at org.k1s.orn.ORNVerifier$isValid.call(Unknown Source)
	at org.codehaus.groovy.runtime.callsite.CallSiteArray.defaultCall(CallSiteArray.java:40)
	at org.codehaus.groovy.runtime.callsite.AbstractCallSite.call(AbstractCallSite.java:117)
	at org.codehaus.groovy.runtime.callsite.AbstractCallSite.call(AbstractCallSite.java:125)
	at org.k1s.orn.owl.ManchesterSyntaxBuilderTests.testBuildSmallPetriNetAndParse(ManchesterSyntaxBuilderTests.groovy:117)
	at sun.reflect.NativeMethodAccessorImpl.invoke0(Native Method)
	at sun.reflect.NativeMethodAccessorImpl.invoke(NativeMethodAccessorImpl.java:39)
	at sun.reflect.DelegatingMethodAccessorImpl.invoke(DelegatingMethodAccessorImpl.java:25)
	at java.lang.reflect.Method.invoke(Method.java:597)
	at org.junit.runners.model.FrameworkMethod$1.runReflectiveCall(FrameworkMethod.java:44)
	at org.junit.internal.runners.model.ReflectiveCallable.run(ReflectiveCallable.java:15)
	at org.junit.runners.model.FrameworkMethod.invokeExplosively(FrameworkMethod.java:41)
	at org.junit.internal.runners.statements.InvokeMethod.evaluate(InvokeMethod.java:20)
	at org.junit.runners.BlockJUnit4ClassRunner.runChild(BlockJUnit4ClassRunner.java:76)
	at org.junit.runners.BlockJUnit4ClassRunner.runChild(BlockJUnit4ClassRunner.java:50)
	at org.junit.runners.ParentRunner$3.run(ParentRunner.java:193)
	at org.junit.runners.ParentRunner$1.schedule(ParentRunner.java:52)
	at org.junit.runners.ParentRunner.runChildren(ParentRunner.java:191)
	at org.junit.runners.ParentRunner.access$000(ParentRunner.java:42)
	at org.junit.runners.ParentRunner$2.evaluate(ParentRunner.java:184)
	at org.junit.runners.ParentRunner.run(ParentRunner.java:236)
	at junit.framework.JUnit4TestAdapter.run(JUnit4TestAdapter.java:39)
	at org.apache.tools.ant.taskdefs.optional.junit.JUnitTestRunner.run(JUnitTestRunner.java:420)
	at org.apache.tools.ant.taskdefs.optional.junit.JUnitTestRunner.launch(JUnitTestRunner.java:911)
	at org.apache.tools.ant.taskdefs.optional.junit.JUnitTestRunner.main(JUnitTestRunner.java:768)
Caused by: org.semanticweb.owlapi.io.OWLOntologyCreationIOException: http://www.hib.no/SADLTest/cpn.owl
	at uk.ac.manchester.cs.owl.owlapi.ParsableOWLOntologyFactory.loadOWLOntology(ParsableOWLOntologyFactory.java:173)
	at uk.ac.manchester.cs.owl.owlapi.OWLOntologyManagerImpl.loadOntology(OWLOntologyManagerImpl.java:619)
	at uk.ac.manchester.cs.owl.owlapi.OWLOntologyManagerImpl.loadOntology(OWLOntologyManagerImpl.java:564)
	at uk.ac.manchester.cs.owl.owlapi.OWLOntologyManagerImpl.loadImports(OWLOntologyManagerImpl.java:975)
	at uk.ac.manchester.cs.owl.owlapi.OWLOntologyManagerImpl.makeLoadImportRequest(OWLOntologyManagerImpl.java:996)
	... 31 more
Caused by: java.io.FileNotFoundException: http://www.hib.no/SADLTest/cpn.owl
	at sun.reflect.NativeConstructorAccessorImpl.newInstance0(Native Method)
	at sun.reflect.NativeConstructorAccessorImpl.newInstance(NativeConstructorAccessorImpl.java:39)
	at sun.reflect.DelegatingConstructorAccessorImpl.newInstance(DelegatingConstructorAccessorImpl.java:27)
	at java.lang.reflect.Constructor.newInstance(Constructor.java:513)
	at sun.net.www.protocol.http.HttpURLConnection$6.run(HttpURLConnection.java:1368)
	at java.security.AccessController.doPrivileged(Native Method)
	at sun.net.www.protocol.http.HttpURLConnection.getChainedException(HttpURLConnection.java:1362)
	at sun.net.www.protocol.http.HttpURLConnection.getInputStream(HttpURLConnection.java:1016)
	at org.semanticweb.owlapi.io.AbstractOWLParser.getInputStream(AbstractOWLParser.java:100)
	at org.semanticweb.owlapi.io.AbstractOWLParser.getInputSource(AbstractOWLParser.java:119)
	at org.coode.owlapi.rdfxml.parser.RDFXMLParser.parse(RDFXMLParser.java:89)
	at uk.ac.manchester.cs.owl.owlapi.ParsableOWLOntologyFactory.loadOWLOntology(ParsableOWLOntologyFactory.java:165)
	... 35 more
Caused by: java.io.FileNotFoundException: http://www.hib.no/SADLTest/cpn.owl
	at sun.net.www.protocol.http.HttpURLConnection.getInputStream(HttpURLConnection.java:1311)
	at sun.net.www.protocol.http.HttpURLConnection.getHeaderField(HttpURLConnection.java:2173)
	at java.net.URLConnection.getContentEncoding(URLConnection.java:496)
	at org.semanticweb.owlapi.io.AbstractOWLParser.getInputStream(AbstractOWLParser.java:93)
	... 38 more
]]></system-err>

  </testsuite>
  <testsuite errors="0" failures="0" hostname="shrubbery" id="5" name="ORNUtilsTests" package="org.k1s.orn.owl" tests="2" time="1.884" timestamp="2012-04-21T17:31:07">
      <properties>
[...]
</properties>

      <testcase classname="org.k1s.orn.owl.ORNUtilsTests" name="testcloseTheWorldForIndiviualsValid" time="1.583" />

      <testcase classname="org.k1s.orn.owl.ORNUtilsTests" name="testcloseTheWorldForIndiviualsInValid" time="0.022" />

      <system-out><![CDATA[axioms
Declaration(NamedIndividual(<http://org.k1s/orn/ext/theId>))
ClassAssertion(<http://org.k1s/orn/ext/external> <http://org.k1s/orn/ext/theExt>)
SubClassOf(<http://org.k1s/orn/ext/external> ObjectIntersectionOf(ObjectAllValuesFrom(<http://org.k1s/orn/ext/ids> <http://org.k1s/orn/ext/id>) ObjectMinCardinality(1 <http://org.k1s/orn/ext/ids> <http://org.k1s/orn/ext/id>)))
SubClassOf(owl:Thing ObjectOneOf(<http://org.k1s/orn/ext/theExt> <http://org.k1s/orn/ext/theId>))
Declaration(NamedIndividual(<http://org.k1s/orn/ext/theExt>))
Declaration(Class(<http://org.k1s/orn/ext/external>))
NegativeObjectPropertyAssertion(<http://org.k1s/orn/ext/ids> <http://org.k1s/orn/ext/theId> <http://org.k1s/orn/ext/theExt>)
NegativeObjectPropertyAssertion(<http://org.k1s/orn/ext/ids> <http://org.k1s/orn/ext/theExt> <http://org.k1s/orn/ext/theExt>)
DisjointClasses(<http://org.k1s/orn/ext/external> <http://org.k1s/orn/ext/id>)
ClassAssertion(<http://org.k1s/orn/ext/id> <http://org.k1s/orn/ext/theId>)
NegativeObjectPropertyAssertion(<http://org.k1s/orn/ext/ids> <http://org.k1s/orn/ext/theId> <http://org.k1s/orn/ext/theId>)
Declaration(Class(<http://org.k1s/orn/ext/id>))
ObjectPropertyAssertion(<http://org.k1s/orn/ext/ids> <http://org.k1s/orn/ext/theExt> <http://org.k1s/orn/ext/theId>)
-----------------------------------
]]></system-out>

      <system-err />

  </testsuite>
  <testsuite errors="1" failures="0" hostname="shrubbery" id="6" name="ORNVerifierTest" package="org.k1s.orn.owl" tests="4" time="3.129" timestamp="2012-04-21T17:30:35">
      <properties>
[...]
</properties>

      <testcase classname="org.k1s.orn.owl.ORNVerifierTest" name="testVerifyLogo" time="1.146" />

      <testcase classname="org.k1s.orn.owl.ORNVerifierTest" name="testInvalidNet" time="0.725" />

      <testcase classname="org.k1s.orn.owl.ORNVerifierTest" name="testPetiAugumentedNet" time="0.756">
          <error message="No such property: pragmatics for class: org.pnml.tools.epnk.pnmlcoremodel.impl.PageImpl" type="groovy.lang.MissingPropertyException">groovy.lang.MissingPropertyException: No such property: pragmatics for class: org.pnml.tools.epnk.pnmlcoremodel.impl.PageImpl
	at org.codehaus.groovy.runtime.ScriptBytecodeAdapter.unwrap(ScriptBytecodeAdapter.java:49)
	at org.codehaus.groovy.runtime.callsite.GetEffectivePojoPropertySite.getProperty(GetEffectivePojoPropertySite.java:63)
	at org.codehaus.groovy.runtime.callsite.AbstractCallSite.callGetProperty(AbstractCallSite.java:237)
	at org.k1s.orn.owl.FuntionalSyntaxBuilder.page2FunctionalSyntax(FuntionalSyntaxBuilder.groovy:33)
	at org.k1s.orn.ORNVerifier.pn2FunctionalSyntax(ORNVerifier.java:182)
	at org.codehaus.groovy.runtime.callsite.PojoMetaMethodSite$PojoCachedMethodSiteNoUnwrapNoCoerce.invoke(PojoMetaMethodSite.java:229)
	at org.codehaus.groovy.runtime.callsite.PojoMetaMethodSite.call(PojoMetaMethodSite.java:52)
	at org.codehaus.groovy.runtime.callsite.CallSiteArray.defaultCall(CallSiteArray.java:40)
	at org.codehaus.groovy.runtime.callsite.AbstractCallSite.call(AbstractCallSite.java:117)
	at org.codehaus.groovy.runtime.callsite.AbstractCallSite.call(AbstractCallSite.java:129)
	at org.k1s.orn.owl.ORNVerifierTest.testPetiAugumentedNet(ORNVerifierTest.groovy:296)
</error>

      </testcase>

      <testcase classname="org.k1s.orn.owl.ORNVerifierTest" name="testRealInvalidNet" time="0.182" />

      <system-out><![CDATA[false
PRAGDEF: fd(10)
PRAGDEF: pd()
false
]]></system-out>

      <system-err />

  </testsuite>
  <testsuite errors="0" failures="0" hostname="shrubbery" id="7" name="SyntaxConverterTest" package="org.k1s.orn.owl" tests="2" time="1.356" timestamp="2012-04-21T17:30:39">
      <properties>
[...]
</properties>

      <testcase classname="org.k1s.orn.owl.SyntaxConverterTest" name="testManchesterToRDF" time="1.007" />

      <testcase classname="org.k1s.orn.owl.SyntaxConverterTest" name="testRDFXMLToManchester" time="0.043" />

      <system-out><![CDATA[Prefix: xsd: <http://www.w3.org/2001/XMLSchema#>
Prefix: owl: <http://www.w3.org/2002/07/owl#>
Prefix: xml: <http://www.w3.org/XML/1998/namespace>
Prefix: rdf: <http://www.w3.org/1999/02/22-rdf-syntax-ns#>
Prefix: rdfs: <http://www.w3.org/2000/01/rdf-schema#>
Prefix: skos: <http://www.w3.org/2004/02/skos/core#>



Ontology: <http://example.com/owl/families>


AnnotationProperty: rdfs:comment

    
Datatype: rdf:PlainLiteral

    
Class: <http://example.com/owl/families/Person>

    Annotations: 
        rdfs:comment "Represents the set of all people."^^rdf:PlainLiteral
    
    
Class: <http://example.com/owl/families/Woman>

    SubClassOf: 
        <http://example.com/owl/families/Person>
    
    DisjointWith: 
        <http://example.com/owl/families/Man>
    
    
Class: <http://example.com/owl/families/Man>

    SubClassOf: 
        Annotations: rdfs:comment "States that every man is a person."^^rdf:PlainLiteral
        
        <http://example.com/owl/families/Person>
    
    DisjointWith: 
        <http://example.com/owl/families/Woman>
    
    

]]></system-out>

      <system-err />

  </testsuite>
  <testsuite errors="0" failures="0" hostname="shrubbery" id="8" name="ATTTests" package="org.k1s.orn.templates" tests="5" time="1.337" timestamp="2012-04-21T17:31:09">
      <properties>
[...]
</properties>

      <testcase classname="org.k1s.orn.templates.ATTTests" name="testAttBuilderBuildPrincipal" time="1.012" />

      <testcase classname="org.k1s.orn.templates.ATTTests" name="testAttBuilderBuildExternal" time="0.0050" />

      <testcase classname="org.k1s.orn.templates.ATTTests" name="testFindNextnode" time="0.0020" />

      <testcase classname="org.k1s.orn.templates.ATTTests" name="testAttBuilderBuildSend" time="0.0030" />

      <testcase classname="org.k1s.orn.templates.ATTTests" name="testATTForSimpleProtocol" time="0.033" />

      <system-out><![CDATA[PRAGDEF: Send()
PRAGDEF: External()
PRAGDEF: Principal()
orn.impl.PageImpl@20873723 (id: null)
PRAGDEF: Send()
PRAGDEF: External()
PRAGDEF: Send()
PRAGDEF: External()
PRAGDEF: Send()
PRAGDEF: Principal()
PRAGDEF: Principal()
PRAGDEF: External(msg)
PRAGDEF: Send(msg)
PRAGDEF: External(msg)
PRAGDEF: Recieve(msg)
orn.impl.PageImpl@3fde891b (id: null)
orn.impl.PageImpl@5f0f0625 (id: null)
]]></system-out>

      <system-err />

  </testsuite>
  <testsuite errors="0" failures="1" hostname="shrubbery" id="9" name="BindingsDSLTests" package="org.k1s.orn.templates" tests="4" time="2.518" timestamp="2012-04-21T17:31:12">
      <properties>
[...]
</properties>

      <testcase classname="org.k1s.orn.templates.BindingsDSLTests" name="testgroovy" time="0.716" />

      <testcase classname="org.k1s.orn.templates.BindingsDSLTests" name="testgroovyPlattformIsValid" time="1.416" />

      <testcase classname="org.k1s.orn.templates.BindingsDSLTests" name="testgroovyForBindings" time="0.051" />

      <testcase classname="org.k1s.orn.templates.BindingsDSLTests" name="testgroovyForBindingsContent" time="0.058">
          <failure message=" Expected: is &quot;mainClass.tmpl&quot;      got: &quot;platform/groovy/mainClass.tmpl&quot; " type="junit.framework.AssertionFailedError">junit.framework.AssertionFailedError: 
Expected: is &quot;mainClass.tmpl&quot;
     got: &quot;platform/groovy/mainClass.tmpl&quot;

Expected: is &quot;mainClass.tmpl&quot;
     got: &quot;platform/groovy/mainClass.tmpl&quot;

	at org.codehaus.groovy.runtime.callsite.CallSiteArray.defaultCallStatic(CallSiteArray.java:48)
	at org.codehaus.groovy.runtime.callsite.AbstractCallSite.callStatic(AbstractCallSite.java:167)
	at org.codehaus.groovy.runtime.callsite.AbstractCallSite.callStatic(AbstractCallSite.java:179)
	at org.k1s.orn.templates.BindingsDSLTests.testgroovyForBindingsContent(BindingsDSLTests.groovy:64)
</failure>

      </testcase>

      <system-out><![CDATA[inititating: 562
closing: 214
checking: 514
]]></system-out>

      <system-err />

  </testsuite>
  <testsuite errors="0" failures="0" hostname="shrubbery" id="10" name="LogoGenerationTest" package="org.k1s.orn.templates" tests="3" time="1.892" timestamp="2012-04-21T17:30:42">
      <properties>
[...]
</properties>

      <testcase classname="org.k1s.orn.templates.LogoGenerationTest" name="testFindExternal" time="1.092" />

      <testcase classname="org.k1s.orn.templates.LogoGenerationTest" name="testGenerateLogoNet" time="0.379" />

      <testcase classname="org.k1s.orn.templates.LogoGenerationTest" name="testGenerateLogoNetWithRepeat" time="0.116" />

      <system-out><![CDATA[PRAGDEF: External()
PRAGDEF: pd()
PRAGDEF: fd(10)
External()
PRAGDEF: External()
PRAGDEF: pd()
PRAGDEF: fd(10)
PRAGDEF: External()
PRAGDEF: repeat(2)
PRAGDEF: pd()
PRAGDEF: fd(10)
searching for orn.impl.PlaceImpl@a1e940b (id: null)
searching for orn.impl.PlaceImpl@a1e940b (id: null) in Testpage
checking orn.impl.TransitionImpl@176f5261 (id: null)
checking orn.impl.PageImpl@d896a4c (id: null)
checking orn.impl.PlaceImpl@a1e940b (id: null)
returning  page2
checking orn.impl.TransitionImpl@38a1aa85 (id: null)
checking org.pnml.tools.epnk.pnmlcoremodel.impl.ArcImpl@7dc21ece (id: null)
checking org.pnml.tools.epnk.pnmlcoremodel.impl.ArcImpl@5374a6e2 (id: null)
retval: page2
got page2 from orn.impl.PageImpl@d896a4c (id: null)
retval: page2
found page2
found page page2
]]></system-out>

      <system-err />

  </testsuite>
  <testsuite errors="0" failures="0" hostname="shrubbery" id="11" name="ODGVisitorTest" package="org.k1s.orn.templates" tests="3" time="1.572" timestamp="2012-04-21T17:30:45">
      <properties>
[...]
</properties>

      <testcase classname="org.k1s.orn.templates.ODGVisitorTest" name="testFlatten" time="0.94" />

      <testcase classname="org.k1s.orn.templates.ODGVisitorTest" name="testParameterVisitor" time="0.01" />

      <testcase classname="org.k1s.orn.templates.ODGVisitorTest" name="testTemplateVisitor" time="0.286" />

      <system-out><![CDATA[PRAGDEF: Send()
PRAGDEF: External()
PRAGDEF: Principal()
orn.impl.PageImpl@6ef2ea42 (id: null)
|null, null, null|
|null, null, null|
|null, null, null|
[|null, null, null|, |null, null, null|, |null, null, null|]
PRAGDEF: External()
PRAGDEF: External()
def External(){
	%%yield%%
}
]]></system-out>

      <system-err />

  </testsuite>
  <testsuite errors="0" failures="1" hostname="shrubbery" id="12" name="OntologyDrivenGeneratorTest" package="org.k1s.orn.templates" tests="2" time="1.744" timestamp="2012-04-21T17:30:47">
      <properties>
[...]
</properties>

      <testcase classname="org.k1s.orn.templates.OntologyDrivenGeneratorTest" name="testGenerate" time="1.018">
          <failure type="junit.framework.AssertionFailedError">junit.framework.AssertionFailedError: 
	at org.codehaus.groovy.runtime.callsite.CallSiteArray.defaultCallStatic(CallSiteArray.java:48)
	at org.codehaus.groovy.runtime.callsite.AbstractCallSite.callStatic(AbstractCallSite.java:167)
	at org.codehaus.groovy.runtime.callsite.AbstractCallSite.callStatic(AbstractCallSite.java:175)
	at org.k1s.orn.templates.OntologyDrivenGeneratorTest.testGenerate(OntologyDrivenGeneratorTest.groovy:23)
</failure>

      </testcase>

      <testcase classname="org.k1s.orn.templates.OntologyDrivenGeneratorTest" name="testSimpleProtocol" time="0.47" />

      <system-out><![CDATA[PRAGDEF: Send()
PRAGDEF: External()
PRAGDEF: Principal()
|ROOT, ROOT, null|
created |ROOT, ROOT, null|
with children []
[]
PRAGDEF: Principal()
PRAGDEF: Principal()
PRAGDEF: External(msg)
PRAGDEF: Send(msg)
PRAGDEF: External(msg)
PRAGDEF: Recieve(msg)
orn.impl.PageImpl@2dc0435 (id: null)
orn.impl.PageImpl@23de4dd8 (id: null)
|ROOT, ROOT, null|
|null, null, null|
|null, null, null|
|null, null, null|
|null, null, null|
|null, null, null|
created |ROOT, ROOT, null|
with children [|null, null, class Server {
	%%yield%%
}|, |null, null, class Server {
	%%yield%%
}|]
[class Server {
	def start(){
	send(msg)
}
}, class Server {
	def start(){
	
}
}]
]]></system-out>

      <system-err />

  </testsuite>
</testsuites>
