Testsuite: org.k1s.orn.owl.ManchesterImportTests
Tests run: 2, Failures: 1, Errors: 0, Time elapsed: 2.08 sec
------------- Standard Error -----------------
org.semanticweb.owlapi.io.UnparsableOntologyException: Problem parsing string:ontology1
Could not parse ontology.  Either a suitable parser could not be found, or parsing failed.  See parser logs below for explanation.
The following parsers were tried:
1) RDFXMLParser
2) OWLXMLParser
3) OWLFunctionalSyntaxOWLParser
4) TurtleOntologyParser
5) OWLOBOParser
6) KRSS2OWLParser
7) ManchesterOWLSyntaxOntologyParser


Detailed logs:
--------------------------------------------------------------------------------
Parser: RDFXMLParser
org.xml.sax.SAXParseException: Content is not allowed in prolog.

--------------------------------------------------------------------------------
Parser: OWLXMLParser
org.xml.sax.SAXParseException: Content is not allowed in prolog.

--------------------------------------------------------------------------------
Parser: OWLFunctionalSyntaxOWLParser
Encountered " <PNAME_NS> "Prefix: "" at line 2, column 9.
Was expecting:
    "Ontology" ...
     (Line 0)

--------------------------------------------------------------------------------
Parser: TurtleOntologyParser
uk.ac.manchester.cs.owl.owlapi.turtle.parser.ParseException: Encountered "" at line 2, column 9.
Was expecting one of:
    

--------------------------------------------------------------------------------
Parser: OWLOBOParser
org.coode.owlapi.obo.parser.ParseException: Encountered "<EOF>" at line 15, column 8.
Was expecting one of:
    "[" ...
    <CHAR> ...
    <STRING> ...
     (Line 13)

--------------------------------------------------------------------------------
Parser: KRSS2OWLParser
de.uulm.ecs.ai.owlapi.krssparser.ParseException: Encountered "Prefix:" at line 2, column 9.
Was expecting:
    <EOF> 
    

--------------------------------------------------------------------------------
Parser: ManchesterOWLSyntaxOntologyParser
Encountered su:Thesuperclass at line 13 column 14. Expected one of:
	Class name
	Object property name
	Data property name
	not
	inverse
	(
	{
 (Line 13)


	at uk.ac.manchester.cs.owl.owlapi.ParsableOWLOntologyFactory.loadOWLOntology(ParsableOWLOntologyFactory.java:197)
	at uk.ac.manchester.cs.owl.owlapi.OWLOntologyManagerImpl.loadOntology(OWLOntologyManagerImpl.java:619)
	at uk.ac.manchester.cs.owl.owlapi.OWLOntologyManagerImpl.loadOntologyFromOntologyDocument(OWLOntologyManagerImpl.java:585)
	at sun.reflect.NativeMethodAccessorImpl.invoke0(Native Method)
	at sun.reflect.NativeMethodAccessorImpl.invoke(NativeMethodAccessorImpl.java:39)
	at sun.reflect.DelegatingMethodAccessorImpl.invoke(DelegatingMethodAccessorImpl.java:25)
	at java.lang.reflect.Method.invoke(Method.java:597)
	at org.codehaus.groovy.runtime.callsite.PojoMetaMethodSite$PojoCachedMethodSiteNoUnwrapNoCoerce.invoke(PojoMetaMethodSite.java:229)
	at org.codehaus.groovy.runtime.callsite.PojoMetaMethodSite.call(PojoMetaMethodSite.java:52)
	at org.codehaus.groovy.runtime.callsite.CallSiteArray.defaultCall(CallSiteArray.java:40)
	at org.codehaus.groovy.runtime.callsite.AbstractCallSite.call(AbstractCallSite.java:117)
	at org.codehaus.groovy.runtime.callsite.AbstractCallSite.call(AbstractCallSite.java:125)
	at org.k1s.orn.owl.ManchesterImportTests.testImports(ManchesterImportTests.groovy:57)
	at sun.reflect.NativeMethodAccessorImpl.invoke0(Native Method)
	at sun.reflect.NativeMethodAccessorImpl.invoke(NativeMethodAccessorImpl.java:39)
	at sun.reflect.DelegatingMethodAccessorImpl.invoke(DelegatingMethodAccessorImpl.java:25)
	at java.lang.reflect.Method.invoke(Method.java:597)
	at org.junit.runners.model.FrameworkMethod$1.runReflectiveCall(FrameworkMethod.java:44)
	at org.junit.internal.runners.model.ReflectiveCallable.run(ReflectiveCallable.java:15)
	at org.junit.runners.model.FrameworkMethod.invokeExplosively(FrameworkMethod.java:41)
	at org.junit.internal.runners.statements.InvokeMethod.evaluate(InvokeMethod.java:20)
	at org.junit.runners.BlockJUnit4ClassRunner.runChild(BlockJUnit4ClassRunner.java:76)
	at org.junit.runners.BlockJUnit4ClassRunner.runChild(BlockJUnit4ClassRunner.java:50)
	at org.junit.runners.ParentRunner$3.run(ParentRunner.java:193)
	at org.junit.runners.ParentRunner$1.schedule(ParentRunner.java:52)
	at org.junit.runners.ParentRunner.runChildren(ParentRunner.java:191)
	at org.junit.runners.ParentRunner.access$000(ParentRunner.java:42)
	at org.junit.runners.ParentRunner$2.evaluate(ParentRunner.java:184)
	at org.junit.runners.ParentRunner.run(ParentRunner.java:236)
	at junit.framework.JUnit4TestAdapter.run(JUnit4TestAdapter.java:39)
	at org.apache.tools.ant.taskdefs.optional.junit.JUnitTestRunner.run(JUnitTestRunner.java:420)
	at org.apache.tools.ant.taskdefs.optional.junit.JUnitTestRunner.launch(JUnitTestRunner.java:911)
	at org.apache.tools.ant.taskdefs.optional.junit.JUnitTestRunner.main(JUnitTestRunner.java:768)
------------- ---------------- ---------------

Testcase: testRemoteIsParseable took 1.492 sec
Testcase: testImports took 0.271 sec
	FAILED

junit.framework.AssertionFailedError: 
	at org.codehaus.groovy.runtime.callsite.CallSiteArray.defaultCallStatic(CallSiteArray.java:48)
	at org.codehaus.groovy.runtime.callsite.AbstractCallSite.callStatic(AbstractCallSite.java:167)
	at org.codehaus.groovy.runtime.callsite.AbstractCallSite.callStatic(AbstractCallSite.java:171)
	at org.k1s.orn.owl.ManchesterImportTests.testImports(ManchesterImportTests.groovy:60)

